2015-11-10 15:26:56 10fc InnoDB: Warning: Using innodb_additional_mem_pool_size is DEPRECATED. This option may be removed in future releases, together with the option innodb_use_sys_malloc and with the InnoDB's internal memory allocator.
2015-11-10 15:26:56 4348 [Note] InnoDB: Using mutexes to ref count buffer pool pages
2015-11-10 15:26:56 4348 [Note] InnoDB: The InnoDB memory heap is disabled
2015-11-10 15:26:56 4348 [Note] InnoDB: Mutexes and rw_locks use Windows interlocked functions
2015-11-10 15:26:56 4348 [Note] InnoDB: Memory barrier is not used
2015-11-10 15:26:56 4348 [Note] InnoDB: Compressed tables use zlib 1.2.3
2015-11-10 15:26:56 4348 [Note] InnoDB: Not using CPU crc32 instructions
2015-11-10 15:26:56 4348 [Note] InnoDB: Initializing buffer pool, size = 16.0M
2015-11-10 15:26:56 4348 [Note] InnoDB: Completed initialization of buffer pool
2015-11-10 15:26:56 4348 [Note] InnoDB: Highest supported file format is Barracuda.
2015-11-10 15:26:57 4348 [Note] InnoDB: 128 rollback segment(s) are active.
2015-11-10 15:26:57 4348 [Note] InnoDB: Waiting for purge to start
2015-11-10 15:26:57 4348 [Note] InnoDB:  Percona XtraDB (http://www.percona.com) 5.6.26-74.0 started; log sequence number 1835027
2015-11-10 15:26:57 6140 [Note] InnoDB: Dumping buffer pool(s) not yet started
2015-11-10 15:26:57 4348 [Note] Plugin 'FEEDBACK' is disabled.
2015-11-10 15:26:57 4348 [Note] Server socket created on IP: '::'.
2015-11-10 15:26:57 4348 [Note] Event Scheduler: Loaded 0 events
2015-11-10 15:26:57 4348 [Note] C:\xampp\mysql\bin\mysqld.exe: ready for connections.
Version: '10.1.8-MariaDB'  socket: ''  port: 3306  mariadb.org binary distribution
2015-11-10 15:27:11 5152 [Note] C:\xampp\mysql\bin\mysqld.exe: Normal shutdown

2015-11-10 15:27:11 5152 [Note] Event Scheduler: Purging the queue. 0 events
2015-11-10 15:27:11 5732 [Note] InnoDB: FTS optimize thread exiting.
2015-11-10 15:27:11 5152 [Note] InnoDB: Starting shutdown...
2015-11-10 15:27:13 5152 [Note] InnoDB: Shutdown completed; log sequence number 1835037
2015-11-10 15:27:13 5152 [Note] C:\xampp\mysql\bin\mysqld.exe: Shutdown complete

2016-03-23 04:48:58 3094 InnoDB: Warning: Using innodb_additional_mem_pool_size is DEPRECATED. This option may be removed in future releases, together with the option innodb_use_sys_malloc and with the InnoDB's internal memory allocator.
2016-03-23  4:48:58 12436 [Note] InnoDB: Using mutexes to ref count buffer pool pages
2016-03-23  4:48:58 12436 [Note] InnoDB: The InnoDB memory heap is disabled
2016-03-23  4:48:58 12436 [Note] InnoDB: Mutexes and rw_locks use Windows interlocked functions
2016-03-23  4:48:58 12436 [Note] InnoDB: Memory barrier is not used
2016-03-23  4:48:58 12436 [Note] InnoDB: Compressed tables use zlib 1.2.3
2016-03-23  4:48:58 12436 [Note] InnoDB: Using generic crc32 instructions
2016-03-23  4:48:58 12436 [Note] InnoDB: Initializing buffer pool, size = 16.0M
2016-03-23  4:48:58 12436 [Note] InnoDB: Completed initialization of buffer pool
2016-03-23  4:48:58 12436 [Note] InnoDB: Highest supported file format is Barracuda.
2016-03-23  4:48:59 12436 [Note] InnoDB: 128 rollback segment(s) are active.
2016-03-23  4:48:59 12436 [Note] InnoDB: Waiting for purge to start
2016-03-23  4:48:59 12436 [Note] InnoDB:  Percona XtraDB (http://www.percona.com) 5.6.26-76.0 started; log sequence number 1835037
2016-03-23  4:48:59 12648 [Note] InnoDB: Dumping buffer pool(s) not yet started
2016-03-23  4:48:59 12436 [Note] Plugin 'FEEDBACK' is disabled.
2016-03-23  4:48:59 12436 [Note] Server socket created on IP: '::'.
2016-03-23  4:49:00 12436 [Note] c:\xampp\mysql\bin\mysqld.exe: ready for connections.
Version: '10.1.10-MariaDB'  socket: ''  port: 3306  mariadb.org binary distribution
2016-03-24 02:16:10 83c InnoDB: Warning: Using innodb_additional_mem_pool_size is DEPRECATED. This option may be removed in future releases, together with the option innodb_use_sys_malloc and with the InnoDB's internal memory allocator.
2016-03-24  2:16:10 2108 [Note] InnoDB: Using mutexes to ref count buffer pool pages
2016-03-24  2:16:10 2108 [Note] InnoDB: The InnoDB memory heap is disabled
2016-03-24  2:16:10 2108 [Note] InnoDB: Mutexes and rw_locks use Windows interlocked functions
2016-03-24  2:16:10 2108 [Note] InnoDB: Memory barrier is not used
2016-03-24  2:16:10 2108 [Note] InnoDB: Compressed tables use zlib 1.2.3
2016-03-24  2:16:10 2108 [Note] InnoDB: Using generic crc32 instructions
2016-03-24  2:16:10 2108 [Note] InnoDB: Initializing buffer pool, size = 16.0M
2016-03-24  2:16:10 2108 [Note] InnoDB: Completed initialization of buffer pool
2016-03-24  2:16:10 2108 [Note] InnoDB: Highest supported file format is Barracuda.
2016-03-24  2:16:10 2108 [Note] InnoDB: The log sequence numbers 1835037 and 1835037 in ibdata files do not match the log sequence number 1843969 in the ib_logfiles!
2016-03-24  2:16:10 2108 [Note] InnoDB: Database was not shutdown normally!
2016-03-24  2:16:10 2108 [Note] InnoDB: Starting crash recovery.
2016-03-24  2:16:10 2108 [Note] InnoDB: Reading tablespace information from the .ibd files...
2016-03-24  2:16:10 2108 [Note] InnoDB: Restoring possible half-written data pages 
2016-03-24  2:16:10 2108 [Note] InnoDB: from the doublewrite buffer...
2016-03-24  2:16:17 2108 [Note] InnoDB: 128 rollback segment(s) are active.
2016-03-24  2:16:17 2108 [Note] InnoDB: Waiting for purge to start
2016-03-24  2:16:17 2108 [Note] InnoDB:  Percona XtraDB (http://www.percona.com) 5.6.26-76.0 started; log sequence number 1843969
2016-03-24  2:16:17 11724 [Note] InnoDB: Dumping buffer pool(s) not yet started
2016-03-24  2:16:17 2108 [Note] Plugin 'FEEDBACK' is disabled.
2016-03-24  2:16:17 2108 [Note] Server socket created on IP: '::'.
2016-03-24  2:16:17 2108 [ERROR] mysqld.exe: Table '.\mysql\db' is marked as crashed and should be repaired
2016-03-24  2:16:17 2108 [Warning] Checking table:   '.\mysql\db'
2016-03-24  2:16:17 2108 [ERROR] mysql.db: 1 client is using or hasn't closed the table properly
2016-03-24  2:16:17 2108 [ERROR] mysqld.exe: Table '.\mysql\tables_priv' is marked as crashed and should be repaired
2016-03-24  2:16:17 2108 [Warning] Checking table:   '.\mysql\tables_priv'
2016-03-24  2:16:17 2108 [ERROR] mysql.tables_priv: 1 client is using or hasn't closed the table properly
2016-03-24  2:16:18 2108 [ERROR] mysqld.exe: Table '.\mysql\columns_priv' is marked as crashed and should be repaired
2016-03-24  2:16:18 2108 [Warning] Checking table:   '.\mysql\columns_priv'
2016-03-24  2:16:18 2108 [ERROR] mysql.columns_priv: 1 client is using or hasn't closed the table properly
2016-03-24  2:16:18 2108 [ERROR] mysqld.exe: Table '.\mysql\procs_priv' is marked as crashed and should be repaired
2016-03-24  2:16:18 2108 [Warning] Checking table:   '.\mysql\procs_priv'
2016-03-24  2:16:18 2108 [ERROR] mysql.procs_priv: 1 client is using or hasn't closed the table properly
2016-03-24  2:16:18 2108 [Note] c:\xampp\mysql\bin\mysqld.exe: ready for connections.
Version: '10.1.10-MariaDB'  socket: ''  port: 3306  mariadb.org binary distribution
2016-03-24 21:23:45 214 InnoDB: Warning: Using innodb_additional_mem_pool_size is DEPRECATED. This option may be removed in future releases, together with the option innodb_use_sys_malloc and with the InnoDB's internal memory allocator.
2016-03-24 21:23:45 532 [Note] InnoDB: Using mutexes to ref count buffer pool pages
2016-03-24 21:23:45 532 [Note] InnoDB: The InnoDB memory heap is disabled
2016-03-24 21:23:45 532 [Note] InnoDB: Mutexes and rw_locks use Windows interlocked functions
2016-03-24 21:23:45 532 [Note] InnoDB: Memory barrier is not used
2016-03-24 21:23:45 532 [Note] InnoDB: Compressed tables use zlib 1.2.3
2016-03-24 21:23:45 532 [Note] InnoDB: Using generic crc32 instructions
2016-03-24 21:23:45 532 [Note] InnoDB: Initializing buffer pool, size = 16.0M
2016-03-24 21:23:45 532 [Note] InnoDB: Completed initialization of buffer pool
2016-03-24 21:23:45 532 [Note] InnoDB: Highest supported file format is Barracuda.
2016-03-24 21:23:45 532 [Note] InnoDB: The log sequence numbers 1835037 and 1835037 in ibdata files do not match the log sequence number 1843979 in the ib_logfiles!
2016-03-24 21:23:45 532 [Note] InnoDB: Database was not shutdown normally!
2016-03-24 21:23:45 532 [Note] InnoDB: Starting crash recovery.
2016-03-24 21:23:45 532 [Note] InnoDB: Reading tablespace information from the .ibd files...
2016-03-24 21:23:49 532 [Note] InnoDB: Restoring possible half-written data pages 
2016-03-24 21:23:49 532 [Note] InnoDB: from the doublewrite buffer...
2016-03-24 21:23:53 532 [Note] InnoDB: 128 rollback segment(s) are active.
2016-03-24 21:23:53 532 [Note] InnoDB: Waiting for purge to start
2016-03-24 21:23:53 532 [Note] InnoDB:  Percona XtraDB (http://www.percona.com) 5.6.26-76.0 started; log sequence number 1843979
2016-03-24 21:23:54 7636 [Note] InnoDB: Dumping buffer pool(s) not yet started
2016-03-24 21:23:54 532 [Note] Plugin 'FEEDBACK' is disabled.
2016-03-24 21:23:54 532 [Note] Server socket created on IP: '::'.
2016-03-24 21:23:56 532 [Note] c:\xampp\mysql\bin\mysqld.exe: ready for connections.
Version: '10.1.10-MariaDB'  socket: ''  port: 3306  mariadb.org binary distribution
2016-03-24 22:26:47 1acc InnoDB: Warning: Using innodb_additional_mem_pool_size is DEPRECATED. This option may be removed in future releases, together with the option innodb_use_sys_malloc and with the InnoDB's internal memory allocator.
2016-03-24 22:26:47 6860 [Note] InnoDB: Using mutexes to ref count buffer pool pages
2016-03-24 22:26:47 6860 [Note] InnoDB: The InnoDB memory heap is disabled
2016-03-24 22:26:47 6860 [Note] InnoDB: Mutexes and rw_locks use Windows interlocked functions
2016-03-24 22:26:47 6860 [Note] InnoDB: Memory barrier is not used
2016-03-24 22:26:47 6860 [Note] InnoDB: Compressed tables use zlib 1.2.3
2016-03-24 22:26:47 6860 [Note] InnoDB: Using generic crc32 instructions
2016-03-24 22:26:47 6860 [Note] InnoDB: Initializing buffer pool, size = 16.0M
2016-03-24 22:26:47 6860 [Note] InnoDB: Completed initialization of buffer pool
2016-03-24 22:26:48 6860 [Note] InnoDB: Highest supported file format is Barracuda.
2016-03-24 22:26:48 6860 [Note] InnoDB: The log sequence numbers 1835037 and 1835037 in ibdata files do not match the log sequence number 1843989 in the ib_logfiles!
2016-03-24 22:26:48 6860 [Note] InnoDB: Database was not shutdown normally!
2016-03-24 22:26:48 6860 [Note] InnoDB: Starting crash recovery.
2016-03-24 22:26:48 6860 [Note] InnoDB: Reading tablespace information from the .ibd files...
2016-03-24 22:26:51 6860 [Note] InnoDB: Restoring possible half-written data pages 
2016-03-24 22:26:51 6860 [Note] InnoDB: from the doublewrite buffer...
2016-03-24 22:26:54 6860 [Note] InnoDB: 128 rollback segment(s) are active.
2016-03-24 22:26:54 6860 [Note] InnoDB: Waiting for purge to start
2016-03-24 22:26:54 6860 [Note] InnoDB:  Percona XtraDB (http://www.percona.com) 5.6.26-76.0 started; log sequence number 1843989
2016-03-24 22:26:54 4296 [Note] InnoDB: Dumping buffer pool(s) not yet started
2016-03-24 22:26:54 6860 [Note] Plugin 'FEEDBACK' is disabled.
2016-03-24 22:26:54 6860 [Note] Server socket created on IP: '::'.
2016-03-24 22:26:56 6860 [Note] c:\xampp\mysql\bin\mysqld.exe: ready for connections.
Version: '10.1.10-MariaDB'  socket: ''  port: 3306  mariadb.org binary distribution
2016-03-25 13:08:45 f68 InnoDB: Warning: Using innodb_additional_mem_pool_size is DEPRECATED. This option may be removed in future releases, together with the option innodb_use_sys_malloc and with the InnoDB's internal memory allocator.
2016-03-25 13:08:45 3944 [Note] InnoDB: Using mutexes to ref count buffer pool pages
2016-03-25 13:08:45 3944 [Note] InnoDB: The InnoDB memory heap is disabled
2016-03-25 13:08:45 3944 [Note] InnoDB: Mutexes and rw_locks use Windows interlocked functions
2016-03-25 13:08:45 3944 [Note] InnoDB: Memory barrier is not used
2016-03-25 13:08:45 3944 [Note] InnoDB: Compressed tables use zlib 1.2.3
2016-03-25 13:08:45 3944 [Note] InnoDB: Using generic crc32 instructions
2016-03-25 13:08:45 3944 [Note] InnoDB: Initializing buffer pool, size = 16.0M
2016-03-25 13:08:45 3944 [Note] InnoDB: Completed initialization of buffer pool
2016-03-25 13:08:45 3944 [Note] InnoDB: Highest supported file format is Barracuda.
2016-03-25 13:08:45 3944 [Note] InnoDB: The log sequence numbers 1835037 and 1835037 in ibdata files do not match the log sequence number 1854008 in the ib_logfiles!
2016-03-25 13:08:45 3944 [Note] InnoDB: Database was not shutdown normally!
2016-03-25 13:08:45 3944 [Note] InnoDB: Starting crash recovery.
2016-03-25 13:08:45 3944 [Note] InnoDB: Reading tablespace information from the .ibd files...
2016-03-25 13:08:45 3944 [Note] InnoDB: Restoring possible half-written data pages 
2016-03-25 13:08:45 3944 [Note] InnoDB: from the doublewrite buffer...
2016-03-25 13:08:46 3944 [Note] InnoDB: 128 rollback segment(s) are active.
2016-03-25 13:08:46 3944 [Note] InnoDB: Waiting for purge to start
2016-03-25 13:08:46 3944 [Note] InnoDB:  Percona XtraDB (http://www.percona.com) 5.6.26-76.0 started; log sequence number 1854008
2016-03-25 13:08:46 1912 [Note] InnoDB: Dumping buffer pool(s) not yet started
2016-03-25 13:08:46 3944 [Note] Plugin 'FEEDBACK' is disabled.
2016-03-25 13:08:46 3944 [Note] Server socket created on IP: '::'.
2016-03-25 13:08:47 3944 [Note] c:\xampp\mysql\bin\mysqld.exe: ready for connections.
Version: '10.1.10-MariaDB'  socket: ''  port: 3306  mariadb.org binary distribution
2016-03-28 11:19:49 5d8 InnoDB: Warning: Using innodb_additional_mem_pool_size is DEPRECATED. This option may be removed in future releases, together with the option innodb_use_sys_malloc and with the InnoDB's internal memory allocator.
2016-03-28 11:19:49 1496 [Note] InnoDB: Using mutexes to ref count buffer pool pages
2016-03-28 11:19:49 1496 [Note] InnoDB: The InnoDB memory heap is disabled
2016-03-28 11:19:49 1496 [Note] InnoDB: Mutexes and rw_locks use Windows interlocked functions
2016-03-28 11:19:49 1496 [Note] InnoDB: Memory barrier is not used
2016-03-28 11:19:49 1496 [Note] InnoDB: Compressed tables use zlib 1.2.3
2016-03-28 11:19:49 1496 [Note] InnoDB: Using generic crc32 instructions
2016-03-28 11:19:49 1496 [Note] InnoDB: Initializing buffer pool, size = 16.0M
2016-03-28 11:19:49 1496 [Note] InnoDB: Completed initialization of buffer pool
2016-03-28 11:19:49 1496 [Note] InnoDB: Highest supported file format is Barracuda.
2016-03-28 11:19:49 1496 [Note] InnoDB: The log sequence numbers 1835037 and 1835037 in ibdata files do not match the log sequence number 1854018 in the ib_logfiles!
2016-03-28 11:19:49 1496 [Note] InnoDB: Database was not shutdown normally!
2016-03-28 11:19:49 1496 [Note] InnoDB: Starting crash recovery.
2016-03-28 11:19:49 1496 [Note] InnoDB: Reading tablespace information from the .ibd files...
2016-03-28 11:19:49 1496 [Note] InnoDB: Restoring possible half-written data pages 
2016-03-28 11:19:49 1496 [Note] InnoDB: from the doublewrite buffer...
2016-03-28 11:19:54 1496 [Note] InnoDB: 128 rollback segment(s) are active.
2016-03-28 11:19:54 1496 [Note] InnoDB: Waiting for purge to start
2016-03-28 11:19:54 1496 [Note] InnoDB:  Percona XtraDB (http://www.percona.com) 5.6.26-76.0 started; log sequence number 1854018
2016-03-28 11:19:54 8236 [Note] InnoDB: Dumping buffer pool(s) not yet started
2016-03-28 11:19:54 1496 [Note] Plugin 'FEEDBACK' is disabled.
2016-03-28 11:19:54 1496 [Note] Server socket created on IP: '::'.
2016-03-28 11:19:54 1496 [ERROR] mysqld.exe: Table '.\mysql\db' is marked as crashed and should be repaired
2016-03-28 11:19:54 1496 [Warning] Checking table:   '.\mysql\db'
2016-03-28 11:19:54 1496 [ERROR] mysql.db: 1 client is using or hasn't closed the table properly
2016-03-28 11:19:54 1496 [ERROR] mysqld.exe: Table '.\mysql\tables_priv' is marked as crashed and should be repaired
2016-03-28 11:19:54 1496 [Warning] Checking table:   '.\mysql\tables_priv'
2016-03-28 11:19:54 1496 [ERROR] mysql.tables_priv: 1 client is using or hasn't closed the table properly
2016-03-28 11:19:54 1496 [ERROR] mysqld.exe: Table '.\mysql\columns_priv' is marked as crashed and should be repaired
2016-03-28 11:19:54 1496 [Warning] Checking table:   '.\mysql\columns_priv'
2016-03-28 11:19:54 1496 [ERROR] mysql.columns_priv: 1 client is using or hasn't closed the table properly
2016-03-28 11:19:55 1496 [ERROR] mysqld.exe: Table '.\mysql\procs_priv' is marked as crashed and should be repaired
2016-03-28 11:19:55 1496 [Warning] Checking table:   '.\mysql\procs_priv'
2016-03-28 11:19:55 1496 [ERROR] mysql.procs_priv: 1 client is using or hasn't closed the table properly
2016-03-28 11:19:55 1496 [Note] c:\xampp\mysql\bin\mysqld.exe: ready for connections.
Version: '10.1.10-MariaDB'  socket: ''  port: 3306  mariadb.org binary distribution
2016-03-28 17:48:03 7444 [Note] InnoDB: Online DDL : Start
2016-03-28 17:48:03 7444 [Note] InnoDB: Online DDL : Start reading clustered index of the table and create temporary files
2016-03-28 17:48:03 7444 [Note] InnoDB: Online DDL : End of reading clustered index of the table and create temporary files
2016-03-28 17:48:03 7444 [Note] InnoDB: Online DDL : Completed
2016-03-28 17:49:13 5296 [Note] c:\xampp\mysql\bin\mysqld.exe: Normal shutdown

2016-03-28 17:49:13 5296 [Note] Event Scheduler: Purging the queue. 0 events
2016-03-28 17:49:13 608 [Note] InnoDB: FTS optimize thread exiting.
2016-03-28 17:49:13 5296 [Note] InnoDB: Starting shutdown...
2016-03-28 17:49:15 5296 [Note] InnoDB: Shutdown completed; log sequence number 1878087
2016-03-28 17:49:15 5296 [Note] c:\xampp\mysql\bin\mysqld.exe: Shutdown complete

2016-03-28 17:50:12 1d10 InnoDB: Warning: Using innodb_additional_mem_pool_size is DEPRECATED. This option may be removed in future releases, together with the option innodb_use_sys_malloc and with the InnoDB's internal memory allocator.
2016-03-28 17:50:12 7440 [Note] InnoDB: Using mutexes to ref count buffer pool pages
2016-03-28 17:50:12 7440 [Note] InnoDB: The InnoDB memory heap is disabled
2016-03-28 17:50:12 7440 [Note] InnoDB: Mutexes and rw_locks use Windows interlocked functions
2016-03-28 17:50:12 7440 [Note] InnoDB: Memory barrier is not used
2016-03-28 17:50:12 7440 [Note] InnoDB: Compressed tables use zlib 1.2.3
2016-03-28 17:50:12 7440 [Note] InnoDB: Using generic crc32 instructions
2016-03-28 17:50:12 7440 [Note] InnoDB: Initializing buffer pool, size = 16.0M
2016-03-28 17:50:12 7440 [Note] InnoDB: Completed initialization of buffer pool
2016-03-28 17:50:12 7440 [Note] InnoDB: Highest supported file format is Barracuda.
2016-03-28 17:50:14 7440 [Note] InnoDB: 128 rollback segment(s) are active.
2016-03-28 17:50:14 7440 [Note] InnoDB: Waiting for purge to start
2016-03-28 17:50:15 7440 [Note] InnoDB:  Percona XtraDB (http://www.percona.com) 5.6.26-76.0 started; log sequence number 1878087
2016-03-28 17:50:15 9204 [Note] InnoDB: Dumping buffer pool(s) not yet started
2016-03-28 17:50:15 7440 [Note] Plugin 'FEEDBACK' is disabled.
2016-03-28 17:50:15 7440 [Note] Server socket created on IP: '::'.
2016-03-28 17:50:15 7440 [Note] c:\xampp\mysql\bin\mysqld.exe: ready for connections.
Version: '10.1.10-MariaDB'  socket: ''  port: 3306  mariadb.org binary distribution
2016-03-28 17:56:33 4836 [Note] InnoDB: Online DDL : Start
2016-03-28 17:56:33 4836 [Note] InnoDB: Online DDL : Start reading clustered index of the table and create temporary files
2016-03-28 17:56:33 4836 [Note] InnoDB: Online DDL : End of reading clustered index of the table and create temporary files
2016-03-28 17:56:33 4836 [Note] InnoDB: Online DDL : Completed
2016-03-28 17:56:40 8056 [Note] InnoDB: Online DDL : Start
2016-03-28 17:56:40 8056 [Note] InnoDB: Online DDL : Start reading clustered index of the table and create temporary files
2016-03-28 17:56:40 8056 [Note] InnoDB: Online DDL : End of reading clustered index of the table and create temporary files
2016-03-28 17:56:40 8056 [Note] InnoDB: Online DDL : Completed
2016-03-28 17:57:13 4836 [Note] InnoDB: Online DDL : Start
2016-03-28 17:57:13 4836 [Note] InnoDB: Online DDL : Start reading clustered index of the table and create temporary files
2016-03-28 17:57:13 4836 [Note] InnoDB: Online DDL : End of reading clustered index of the table and create temporary files
2016-03-28 17:57:13 4836 [Note] InnoDB: Online DDL : Completed
2016-03-28 17:57:20 4836 [Note] InnoDB: Online DDL : Start
2016-03-28 17:57:20 4836 [Note] InnoDB: Online DDL : Start reading clustered index of the table and create temporary files
2016-03-28 17:57:20 4836 [Note] InnoDB: Online DDL : End of reading clustered index of the table and create temporary files
2016-03-28 17:57:20 4836 [Note] InnoDB: Online DDL : Completed
